Initializing document watcher...
Document watcher initialized
ackinlino123/IMC.py: {}
ackinlino123/IMC.py: Using EditorConfig core...
ackinlino123/IMC.py: Using EditorConfig core...
ackinlino123/IMC.py: {}
/User/settings.json: Using EditorConfig core...
ackinlino123/IMC.py: {}
ackinlino123/IMC.py: Using EditorConfig core...
ackinlino123/IMC.py: Using EditorConfig core...
ackinlino123/IMC.py: Using EditorConfig core...
ackinlino123/IMC.py: Using EditorConfig core...
ackinlino123/IMC.py: {}
ackinlino123/IMC.py: Using EditorConfig core...
ackinlino123/IMC.py: Using EditorConfig core...
ackinlino123/IMC.py: {}
ackinlino123/IMC.py: Using EditorConfig core...
ackinlino123/IMC.py: Using EditorConfig core...
ackinlino123/IMC.py: Using EditorConfig core...
ackinlino123/IMC.py: Using EditorConfig core...
ackinlino123/IMC.py: Using EditorConfig core...
ackinlino123/IMC.py: Using EditorConfig core...
ackinlino123/IMC.py: Using EditorConfig core...
ackinlino123/IMC.py: Using EditorConfig core...
ackinlino123/IMC.py: {}
ackinlino123/IMC.py: Using EditorConfig core...
ackinlino123/IMC.py: Using EditorConfig core...
ackinlino123/IMC.py: Using EditorConfig core...
ackinlino123/IMC.py: Using EditorConfig core...
ackinlino123/IMC.py: Using EditorConfig core...
ackinlino123/IMC.py: Using EditorConfig core...
ackinlino123/IMC.py: Using EditorConfig core...
ackinlino123/IMC.py: Using EditorConfig core...
ackinlino123/IMC.py: Using EditorConfig core...
ackinlino123/IMC.py: Using EditorConfig core...
ackinlino123/IMC.py: Using EditorConfig core...
ackinlino123/IMC.py: Using EditorConfig core...
ackinlino123/IMC.py: Using EditorConfig core...
ackinlino123/IMC.py: Using EditorConfig core...
ackinlino123/IMC.py: {}
ackinlino123/IMC.py: Using EditorConfig core...
ackinlino123/IMC.py: Using EditorConfig core...
ackinlino123/IMC.py: Using EditorConfig core...
ackinlino123/IMC.py: Using EditorConfig core...
ackinlino123/IMC.py: Using EditorConfig core...
ackinlino123/IMC.py: Using EditorConfig core...
ackinlino123/IMC.py: Using EditorConfig core...
ackinlino123/IMC.py: Using EditorConfig core...
ackinlino123/IMC.py: Using EditorConfig core...
ackinlino123/IMC.py: Using EditorConfig core...
ackinlino123/IMC.py: {}
ackinlino123/IMC.py: {}
ackinlino123/IMC.py: Using EditorConfig core...
ackinlino123/IMC.py: Using EditorConfig core...
ackinlino123/IMC.py: Using EditorConfig core...
ackinlino123/IMC.py: Using EditorConfig core...
ackinlino123/IMC.py: Using EditorConfig core...
ackinlino123/IMC.py: {}
ackinlino123/IMC.py: {}
ackinlino123/IMC.py: Using EditorConfig core...
ackinlino123/IMC.py: Using EditorConfig core...
ackinlino123/IMC.py: Using EditorConfig core...
ackinlino123/IMC.py: Using EditorConfig core...
ackinlino123/IMC.py: {}
ackinlino123/IMC.py: Using EditorConfig core...
ackinlino123/IMC.py: {}
ackinlino123/IMC.py: Using EditorConfig core...
ackinlino123/IMC.py: Using EditorConfig core...
ackinlino123/IMC.py: Using EditorConfig core...
ackinlino123/IMC.py: Using EditorConfig core...
ackinlino123/IMC.py: Using EditorConfig core...
ackinlino123/IMC.py: Using EditorConfig core...
ackinlino123/IMC.py: {}
ackinlino123/IMC.py: Using EditorConfig core...
ackinlino123/IMC.py: Using EditorConfig core...
ackinlino123/IMC.py: Using EditorConfig core...
ackinlino123/IMC.py: Using EditorConfig core...
ackinlino123/IMC.py: Using EditorConfig core...
ackinlino123/IMC.py: Using EditorConfig core...
ackinlino123/IMC.py: Using EditorConfig core...
ackinlino123/IMC.py: Using EditorConfig core...
ackinlino123/IMC.py: Using EditorConfig core...
ackinlino123/IMC.py: Using EditorConfig core...
ackinlino123/IMC.py: {}
ackinlino123/IMC.py: Using EditorConfig core...
ackinlino123/IMC.py: Using EditorConfig core...
ackinlino123/IMC.py: Using EditorConfig core...
ackinlino123/IMC.py: Using EditorConfig core...
ackinlino123/IMC.py: Using EditorConfig core...
ackinlino123/IMC.py: Using EditorConfig core...
ackinlino123/IMC.py: Using EditorConfig core...
ackinlino123/IMC.py: Using EditorConfig core...
ackinlino123/IMC.py: Using EditorConfig core...
ackinlino123/IMC.py: Using EditorConfig core...
ackinlino123/IMC.py: Using EditorConfig core...
ackinlino123/IMC.py: Using EditorConfig core...
ackinlino123/IMC.py: Using EditorConfig core...
ackinlino123/IMC.py: {}
ackinlino123/IMC.py: Using EditorConfig core...
ackinlino123/IMC.py: Using EditorConfig core...
ackinlino123/IMC.py: Using EditorConfig core...
ackinlino123/IMC.py: Using EditorConfig core...
ackinlino123/IMC.py: Using EditorConfig core...
ackinlino123/IMC.py: Using EditorConfig core...
ackinlino123/IMC.py: {}
ackinlino123/IMC.py: Using EditorConfig core...
ackinlino123/IMC.py: Using EditorConfig core...
ackinlino123/IMC.py: Using EditorConfig core...
ackinlino123/IMC.py: Using EditorConfig core...
ackinlino123/IMC.py: {}
ackinlino123/IMC.py: Using EditorConfig core...
ackinlino123/IMC.py: Using EditorConfig core...
ackinlino123/IMC.py: Using EditorConfig core...
ackinlino123/IMC.py: Using EditorConfig core...
ackinlino123/IMC.py: Using EditorConfig core...
ackinlino123/IMC.py: Using EditorConfig core...
ackinlino123/IMC.py: Using EditorConfig core...
ackinlino123/IMC.py: {}
ackinlino123/IMC.py: Using EditorConfig core...
ackinlino123/IMC.py: Using EditorConfig core...
ackinlino123/IMC.py: Using EditorConfig core...
ackinlino123/IMC.py: {}
ackinlino123/IMC.py: {}
ackinlino123/IMC.py: Using EditorConfig core...
ackinlino123/IMC.py: Using EditorConfig core...
ackinlino123/IMC.py: {}
ackinlino123/IMC.py: Using EditorConfig core...
ackinlino123/IMC.py: Using EditorConfig core...
ackinlino123/IMC.py: Using EditorConfig core...
ackinlino123/IMC.py: Using EditorConfig core...
ackinlino123/IMC.py: Using EditorConfig core...
ackinlino123/IMC.py: {}
ackinlino123/IMC.py: Using EditorConfig core...
ackinlino123/IMC.py: Using EditorConfig core...
ackinlino123/IMC.py: Using EditorConfig core...
ackinlino123/IMC.py: Using EditorConfig core...
ackinlino123/IMC.py: Using EditorConfig core...
ackinlino123/IMC.py: Using EditorConfig core...
ackinlino123/IMC.py: {}
ackinlino123/IMC.py: Using EditorConfig core...
ackinlino123/IMC.py: Using EditorConfig core...
ackinlino123/IMC.py: Using EditorConfig core...
ackinlino123/IMC.py: Using EditorConfig core...
ackinlino123/IMC.py: Using EditorConfig core...
ackinlino123/IMC.py: Using EditorConfig core...
ackinlino123/IMC.py: Using EditorConfig core...
ackinlino123/IMC.py: Using EditorConfig core...
ackinlino123/IMC.py: Using EditorConfig core...
ackinlino123/IMC.py: Using EditorConfig core...
ackinlino123/IMC.py: Using EditorConfig core...
ackinlino123/IMC.py: Using EditorConfig core...
ackinlino123/IMC.py: Using EditorConfig core...
ackinlino123/IMC.py: Using EditorConfig core...
ackinlino123/IMC.py: Using EditorConfig core...
ackinlino123/IMC.py: Using EditorConfig core...
ackinlino123/IMC.py: Using EditorConfig core...
ackinlino123/IMC.py: Using EditorConfig core...
ackinlino123/IMC.py: Using EditorConfig core...
ackinlino123/IMC.py: Using EditorConfig core...
ackinlino123/IMC.py: Using EditorConfig core...
ackinlino123/IMC.py: Using EditorConfig core...
ackinlino123/IMC.py: Using EditorConfig core...
ackinlino123/IMC.py: Using EditorConfig core...
ackinlino123/IMC.py: Using EditorConfig core...
ackinlino123/IMC.py: Using EditorConfig core...
ackinlino123/IMC.py: Using EditorConfig core...
ackinlino123/IMC.py: Using EditorConfig core...
ackinlino123/IMC.py: Using EditorConfig core...
ackinlino123/IMC.py: Using EditorConfig core...
ackinlino123/IMC.py: {}
ackinlino123/IMC.py: Using EditorConfig core...
ackinlino123/IMC.py: Using EditorConfig core...
ackinlino123/IMC.py: Using EditorConfig core...
ackinlino123/IMC.py: {}
ackinlino123/IMC.py: Using EditorConfig core...
ackinlino123/IMC.py: Using EditorConfig core...
ackinlino123/IMC.py: Using EditorConfig core...
ackinlino123/IMC.py: Using EditorConfig core...
ackinlino123/IMC.py: Using EditorConfig core...
ackinlino123/IMC.py: {}
ackinlino123/IMC.py: Using EditorConfig core...
ackinlino123/IMC.py: Using EditorConfig core...
ackinlino123/IMC.py: Using EditorConfig core...
ackinlino123/IMC.py: Using EditorConfig core...
ackinlino123/IMC.py: Using EditorConfig core...
ackinlino123/IMC.py: Using EditorConfig core...
ackinlino123/IMC.py: {}
ackinlino123/IMC.py: Using EditorConfig core...
ackinlino123/IMC.py: Using EditorConfig core...
ackinlino123/IMC.py: Using EditorConfig core...
ackinlino123/IMC.py: Using EditorConfig core...
ackinlino123/IMC.py: Using EditorConfig core...
ackinlino123/IMC.py: {}
ackinlino123/IMC.py: Using EditorConfig core...
ackinlino123/IMC.py: Using EditorConfig core...
ackinlino123/IMC.py: {}
ackinlino123/IMC.py: Using EditorConfig core...
ackinlino123/IMC.py: Using EditorConfig core...
ackinlino123/IMC.py: {}
ackinlino123/IMC.py: Using EditorConfig core...
ackinlino123/IMC.py: Using EditorConfig core...
ackinlino123/IMC.py: Using EditorConfig core...
ackinlino123/IMC.py: {}
ackinlino123/IMC.py: Using EditorConfig core...
ackinlino123/IMC.py: Using EditorConfig core...
ackinlino123/IMC.py: Using EditorConfig core...
ackinlino123/IMC.py: Using EditorConfig core...
ackinlino123/IMC.py: Using EditorConfig core...
ackinlino123/IMC.py: Using EditorConfig core...
ackinlino123/IMC.py: {}
ackinlino123/IMC.py: {}
ackinlino123/IMC.py: {}
ackinlino123/IMC.py: {}
ackinlino123/IMC.py: {}
ackinlino123/IMC.py: {}
ackinlino123/IMC.py: {}
ackinlino123/IMC.py: Using EditorConfig core...
ackinlino123/IMC.py: Using EditorConfig core...
ackinlino123/IMC.py: {}
ackinlino123/IMC.py: Using EditorConfig core...
ackinlino123/IMC.py: Using EditorConfig core...
ackinlino123/IMC.py: Using EditorConfig core...
ackinlino123/IMC.py: Using EditorConfig core...
ackinlino123/IMC.py: Using EditorConfig core...
ackinlino123/IMC.py: Using EditorConfig core...
ackinlino123/IMC.py: Using EditorConfig core...
ackinlino123/IMC.py: Using EditorConfig core...
ackinlino123/IMC.py: {}
ackinlino123/IMC.py: Using EditorConfig core...
ackinlino123/IMC.py: Using EditorConfig core...
ackinlino123/IMC.py: Using EditorConfig core...
ackinlino123/IMC.py: {}
ackinlino123/IMC.py: Using EditorConfig core...
ackinlino123/IMC.py: Using EditorConfig core...
ackinlino123/IMC.py: Using EditorConfig core...
ackinlino123/IMC.py: Using EditorConfig core...
ackinlino123/IMC.py: Using EditorConfig core...
ackinlino123/IMC.py: Using EditorConfig core...
ackinlino123/IMC.py: Using EditorConfig core...
ackinlino123/IMC.py: Using EditorConfig core...
ackinlino123/IMC.py: {}
ackinlino123/IMC.py: Using EditorConfig core...
ackinlino123/IMC.py: Using EditorConfig core...
ackinlino123/IMC.py: Using EditorConfig core...
ackinlino123/IMC.py: Using EditorConfig core...
ackinlino123/IMC.py: Using EditorConfig core...
ackinlino123/IMC.py: {}
ackinlino123/IMC.py: {}
ackinlino123/IMC.py: {}
ackinlino123/IMC.py: {}
ackinlino123/IMC.py: {}
ackinlino123/IMC.py: {}
ackinlino123/IMC.py: {}
ackinlino123/IMC.py: {}
ackinlino123/IMC.py: {}
ackinlino123/IMC.py: {}
ackinlino123/IMC.py: Using EditorConfig core...
ackinlino123/IMC.py: Using EditorConfig core...
ackinlino123/IMC.py: Using EditorConfig core...
ackinlino123/IMC.py: Using EditorConfig core...
ackinlino123/IMC.py: Using EditorConfig core...
