2024-09-09 20:39:45.009 [info] Log level: Info
2024-09-09 20:39:45.009 [info] Validating found git in: "git"
2024-09-09 20:39:45.009 [info] Using git "2.34.1" from "git"
2024-09-09 20:39:45.018 [info] > git rev-parse --show-toplevel [6ms]
2024-09-09 20:39:45.018 [info] fatal: not a git repository (or any parent up to mount point /)
Stopping at filesystem boundary (GIT_DISCOVERY_ACROSS_FILESYSTEM not set).
2024-09-09 20:39:45.018 [info] > git rev-parse --show-toplevel [4ms]
2024-09-09 20:39:45.018 [info] fatal: not a git repository (or any parent up to mount point /)
Stopping at filesystem boundary (GIT_DISCOVERY_ACROSS_FILESYSTEM not set).
2024-09-09 20:39:45.019 [info] > git rev-parse --show-toplevel [8ms]
2024-09-09 20:39:45.019 [info] fatal: not a git repository (or any parent up to mount point /)
Stopping at filesystem boundary (GIT_DISCOVERY_ACROSS_FILESYSTEM not set).
2024-09-09 20:39:45.019 [info] > git rev-parse --show-toplevel [12ms]
2024-09-09 20:39:45.019 [info] fatal: not a git repository (or any parent up to mount point /)
Stopping at filesystem boundary (GIT_DISCOVERY_ACROSS_FILESYSTEM not set).
2024-09-09 20:39:45.124 [info] > git rev-parse --show-toplevel [75ms]
2024-09-09 20:39:45.125 [info] fatal: not a git repository (or any parent up to mount point /)
Stopping at filesystem boundary (GIT_DISCOVERY_ACROSS_FILESYSTEM not set).
2024-09-09 20:39:45.165 [info] > git rev-parse --show-toplevel [12ms]
2024-09-09 20:39:45.165 [info] fatal: not a git repository (or any parent up to mount point /)
Stopping at filesystem boundary (GIT_DISCOVERY_ACROSS_FILESYSTEM not set).
2024-09-09 20:39:45.201 [info] > git rev-parse --show-toplevel [2ms]
2024-09-09 20:39:45.201 [info] fatal: not a git repository (or any parent up to mount point /)
Stopping at filesystem boundary (GIT_DISCOVERY_ACROSS_FILESYSTEM not set).
2024-09-09 20:39:45.236 [info] > git rev-parse --show-toplevel [9ms]
2024-09-09 20:39:45.236 [info] fatal: not a git repository (or any parent up to mount point /)
Stopping at filesystem boundary (GIT_DISCOVERY_ACROSS_FILESYSTEM not set).
2024-09-09 20:40:15.557 [warning] Failed to get repository realpath for: "/home/ackinlino123/.codeoss/extensions/.5003b323-5766-493d-9559-d2fb9d3f8351/". Error: ENOENT: no such file or directory, realpath '/home/ackinlino123/.codeoss/extensions/.5003b323-5766-493d-9559-d2fb9d3f8351/'
2024-09-09 20:40:17.297 [info] > git rev-parse --show-toplevel [56ms]
2024-09-09 20:40:17.298 [info] fatal: not a git repository (or any parent up to mount point /)
Stopping at filesystem boundary (GIT_DISCOVERY_ACROSS_FILESYSTEM not set).
2024-09-09 20:40:23.197 [info] > git rev-parse --show-toplevel [3ms]
2024-09-09 20:40:23.197 [info] fatal: not a git repository (or any parent up to mount point /)
Stopping at filesystem boundary (GIT_DISCOVERY_ACROSS_FILESYSTEM not set).
2024-09-09 21:06:40.847 [info] > git rev-parse --show-toplevel [2ms]
2024-09-09 21:06:40.866 [info] > git rev-parse --git-dir --git-common-dir [2ms]
2024-09-09 21:06:40.881 [info] Open repository: /home/ackinlino123
2024-09-09 21:06:40.921 [info] No remotes found in the git config file.
2024-09-09 21:06:40.923 [info] > git config --get commit.template [22ms]
2024-09-09 21:06:40.924 [info] > git for-each-ref --format=%(refname)%00%(upstream:short)%00%(objectname)%00%(upstream:track)%00%(upstream:remotename)%00%(upstream:remoteref) refs/heads/master refs/remotes/master [4ms]
2024-09-09 21:06:40.925 [warning] No such branch: master.
2024-09-09 21:06:40.951 [info] > git status -z -uall [7ms]
2024-09-09 21:06:41.058 [info] > git config --get commit.template [76ms]
2024-09-09 21:06:41.080 [info] No remotes found in the git config file.
2024-09-09 21:06:41.082 [info] > git for-each-ref --format=%(refname)%00%(upstream:short)%00%(objectname)%00%(upstream:track)%00%(upstream:remotename)%00%(upstream:remoteref) refs/heads/master refs/remotes/master [2ms]
2024-09-09 21:06:41.082 [warning] No such branch: master.
2024-09-09 21:06:41.102 [info] > git status -z -uall [3ms]
2024-09-09 21:06:41.587 [info] > git check-ignore -v -z --stdin [6ms]
2024-09-09 21:06:41.664 [info] > git show --textconv :IMC.py [40ms]
2024-09-09 21:06:41.664 [info] > git ls-files --stage -- /home/ackinlino123/IMC.py [12ms]
2024-09-09 21:06:43.605 [info] > git config --get commit.template [2ms]
2024-09-09 21:06:43.605 [info] No remotes found in the git config file.
2024-09-09 21:06:43.626 [info] > git for-each-ref --format=%(refname)%00%(upstream:short)%00%(objectname)%00%(upstream:track)%00%(upstream:remotename)%00%(upstream:remoteref) refs/heads/master refs/remotes/master [1ms]
2024-09-09 21:06:43.627 [warning] No such branch: master.
2024-09-09 21:06:43.646 [info] > git status -z -uall [3ms]
2024-09-09 21:06:48.689 [info] No remotes found in the git config file.
2024-09-09 21:06:48.690 [info] > git config --get commit.template [19ms]
2024-09-09 21:06:48.691 [info] > git for-each-ref --format=%(refname)%00%(upstream:short)%00%(objectname)%00%(upstream:track)%00%(upstream:remotename)%00%(upstream:remoteref) refs/heads/master refs/remotes/master [3ms]
2024-09-09 21:06:48.691 [warning] No such branch: master.
2024-09-09 21:06:48.711 [info] > git status -z -uall [3ms]
2024-09-09 21:06:53.754 [info] No remotes found in the git config file.
2024-09-09 21:06:53.755 [info] > git config --get commit.template [19ms]
2024-09-09 21:06:53.755 [info] > git for-each-ref --format=%(refname)%00%(upstream:short)%00%(objectname)%00%(upstream:track)%00%(upstream:remotename)%00%(upstream:remoteref) refs/heads/master refs/remotes/master [2ms]
2024-09-09 21:06:53.755 [warning] No such branch: master.
2024-09-09 21:06:53.775 [info] > git status -z -uall [3ms]
2024-09-09 21:06:58.837 [info] No remotes found in the git config file.
2024-09-09 21:06:58.838 [info] > git config --get commit.template [29ms]
2024-09-09 21:06:58.841 [info] > git for-each-ref --format=%(refname)%00%(upstream:short)%00%(objectname)%00%(upstream:track)%00%(upstream:remotename)%00%(upstream:remoteref) refs/heads/master refs/remotes/master [4ms]
2024-09-09 21:06:58.841 [warning] No such branch: master.
2024-09-09 21:06:58.874 [info] > git status -z -uall [6ms]
2024-09-09 21:07:00.608 [info] > git ls-files --stage -- /home/ackinlino123/IMC.py [2ms]
2024-09-09 21:07:00.627 [info] > git cat-file -s 3ce654a68b92e92218f174fb5be9c6462c07e4de [2ms]
2024-09-09 21:07:00.773 [info] > git show --textconv :IMC.py [3ms]
2024-09-09 21:07:03.917 [info] No remotes found in the git config file.
2024-09-09 21:07:03.919 [info] > git config --get commit.template [19ms]
2024-09-09 21:07:03.919 [info] > git for-each-ref --format=%(refname)%00%(upstream:short)%00%(objectname)%00%(upstream:track)%00%(upstream:remotename)%00%(upstream:remoteref) refs/heads/master refs/remotes/master [2ms]
2024-09-09 21:07:03.919 [warning] No such branch: master.
2024-09-09 21:07:03.941 [info] > git status -z -uall [5ms]
2024-09-09 21:07:08.984 [info] No remotes found in the git config file.
2024-09-09 21:07:08.986 [info] > git config --get commit.template [20ms]
2024-09-09 21:07:08.987 [info] > git for-each-ref --format=%(refname)%00%(upstream:short)%00%(objectname)%00%(upstream:track)%00%(upstream:remotename)%00%(upstream:remoteref) refs/heads/master refs/remotes/master [3ms]
2024-09-09 21:07:08.987 [warning] No such branch: master.
2024-09-09 21:07:09.008 [info] > git status -z -uall [2ms]
2024-09-09 21:07:11.835 [info] > git ls-files --stage -- /home/ackinlino123/IMC.py [2ms]
2024-09-09 21:07:11.854 [info] > git cat-file -s 3ce654a68b92e92218f174fb5be9c6462c07e4de [2ms]
2024-09-09 21:07:11.998 [info] > git show --textconv :IMC.py [2ms]
2024-09-09 21:07:14.035 [info] > git config --get commit.template [3ms]
2024-09-09 21:07:14.053 [info] No remotes found in the git config file.
2024-09-09 21:07:14.055 [info] > git for-each-ref --format=%(refname)%00%(upstream:short)%00%(objectname)%00%(upstream:track)%00%(upstream:remotename)%00%(upstream:remoteref) refs/heads/master refs/remotes/master [2ms]
2024-09-09 21:07:14.055 [warning] No such branch: master.
2024-09-09 21:07:14.077 [info] > git status -z -uall [4ms]
2024-09-09 21:07:19.120 [info] No remotes found in the git config file.
2024-09-09 21:07:19.123 [info] > git config --get commit.template [20ms]
2024-09-09 21:07:19.123 [info] > git for-each-ref --format=%(refname)%00%(upstream:short)%00%(objectname)%00%(upstream:track)%00%(upstream:remotename)%00%(upstream:remoteref) refs/heads/master refs/remotes/master [3ms]
2024-09-09 21:07:19.123 [warning] No such branch: master.
2024-09-09 21:07:19.144 [info] > git status -z -uall [3ms]
2024-09-09 21:07:24.189 [info] No remotes found in the git config file.
2024-09-09 21:07:24.191 [info] > git config --get commit.template [20ms]
2024-09-09 21:07:24.191 [info] > git for-each-ref --format=%(refname)%00%(upstream:short)%00%(objectname)%00%(upstream:track)%00%(upstream:remotename)%00%(upstream:remoteref) refs/heads/master refs/remotes/master [2ms]
2024-09-09 21:07:24.191 [warning] No such branch: master.
2024-09-09 21:07:24.212 [info] > git status -z -uall [4ms]
2024-09-09 21:07:29.257 [info] No remotes found in the git config file.
2024-09-09 21:07:29.259 [info] > git config --get commit.template [21ms]
2024-09-09 21:07:29.259 [info] > git for-each-ref --format=%(refname)%00%(upstream:short)%00%(objectname)%00%(upstream:track)%00%(upstream:remotename)%00%(upstream:remoteref) refs/heads/master refs/remotes/master [2ms]
2024-09-09 21:07:29.259 [warning] No such branch: master.
2024-09-09 21:07:29.280 [info] > git status -z -uall [4ms]
2024-09-09 21:07:34.322 [info] No remotes found in the git config file.
2024-09-09 21:07:34.323 [info] > git config --get commit.template [20ms]
2024-09-09 21:07:34.326 [info] > git for-each-ref --format=%(refname)%00%(upstream:short)%00%(objectname)%00%(upstream:track)%00%(upstream:remotename)%00%(upstream:remoteref) refs/heads/master refs/remotes/master [5ms]
2024-09-09 21:07:34.326 [warning] No such branch: master.
2024-09-09 21:07:34.349 [info] > git status -z -uall [6ms]
2024-09-09 21:07:39.392 [info] No remotes found in the git config file.
2024-09-09 21:07:39.393 [info] > git config --get commit.template [20ms]
2024-09-09 21:07:39.393 [info] > git for-each-ref --format=%(refname)%00%(upstream:short)%00%(objectname)%00%(upstream:track)%00%(upstream:remotename)%00%(upstream:remoteref) refs/heads/master refs/remotes/master [2ms]
2024-09-09 21:07:39.394 [warning] No such branch: master.
2024-09-09 21:07:39.414 [info] > git status -z -uall [4ms]
2024-09-09 21:07:44.463 [info] No remotes found in the git config file.
2024-09-09 21:07:44.465 [info] > git config --get commit.template [26ms]
2024-09-09 21:07:44.465 [info] > git for-each-ref --format=%(refname)%00%(upstream:short)%00%(objectname)%00%(upstream:track)%00%(upstream:remotename)%00%(upstream:remoteref) refs/heads/master refs/remotes/master [3ms]
2024-09-09 21:07:44.465 [warning] No such branch: master.
2024-09-09 21:07:44.486 [info] > git status -z -uall [4ms]
2024-09-09 21:07:49.530 [info] No remotes found in the git config file.
2024-09-09 21:07:49.531 [info] > git config --get commit.template [21ms]
2024-09-09 21:07:49.533 [info] > git for-each-ref --format=%(refname)%00%(upstream:short)%00%(objectname)%00%(upstream:track)%00%(upstream:remotename)%00%(upstream:remoteref) refs/heads/master refs/remotes/master [4ms]
2024-09-09 21:07:49.533 [warning] No such branch: master.
2024-09-09 21:07:49.554 [info] > git status -z -uall [3ms]
2024-09-09 21:07:54.599 [info] No remotes found in the git config file.
2024-09-09 21:07:54.601 [info] > git config --get commit.template [21ms]
2024-09-09 21:07:54.601 [info] > git for-each-ref --format=%(refname)%00%(upstream:short)%00%(objectname)%00%(upstream:track)%00%(upstream:remotename)%00%(upstream:remoteref) refs/heads/master refs/remotes/master [2ms]
2024-09-09 21:07:54.601 [warning] No such branch: master.
2024-09-09 21:07:54.623 [info] > git status -z -uall [4ms]
2024-09-09 21:07:59.666 [info] No remotes found in the git config file.
2024-09-09 21:07:59.668 [info] > git config --get commit.template [21ms]
2024-09-09 21:07:59.668 [info] > git for-each-ref --format=%(refname)%00%(upstream:short)%00%(objectname)%00%(upstream:track)%00%(upstream:remotename)%00%(upstream:remoteref) refs/heads/master refs/remotes/master [3ms]
2024-09-09 21:07:59.668 [warning] No such branch: master.
2024-09-09 21:07:59.690 [info] > git status -z -uall [3ms]
2024-09-09 21:08:04.734 [info] No remotes found in the git config file.
2024-09-09 21:08:04.735 [info] > git config --get commit.template [20ms]
2024-09-09 21:08:04.736 [info] > git for-each-ref --format=%(refname)%00%(upstream:short)%00%(objectname)%00%(upstream:track)%00%(upstream:remotename)%00%(upstream:remoteref) refs/heads/master refs/remotes/master [2ms]
2024-09-09 21:08:04.736 [warning] No such branch: master.
2024-09-09 21:08:04.758 [info] > git status -z -uall [4ms]
2024-09-09 21:08:09.802 [info] No remotes found in the git config file.
2024-09-09 21:08:09.803 [info] > git config --get commit.template [19ms]
2024-09-09 21:08:09.804 [info] > git for-each-ref --format=%(refname)%00%(upstream:short)%00%(objectname)%00%(upstream:track)%00%(upstream:remotename)%00%(upstream:remoteref) refs/heads/master refs/remotes/master [3ms]
2024-09-09 21:08:09.804 [warning] No such branch: master.
2024-09-09 21:08:09.824 [info] > git status -z -uall [4ms]
2024-09-09 21:08:14.868 [info] No remotes found in the git config file.
2024-09-09 21:08:14.869 [info] > git config --get commit.template [20ms]
2024-09-09 21:08:14.870 [info] > git for-each-ref --format=%(refname)%00%(upstream:short)%00%(objectname)%00%(upstream:track)%00%(upstream:remotename)%00%(upstream:remoteref) refs/heads/master refs/remotes/master [3ms]
2024-09-09 21:08:14.870 [warning] No such branch: master.
2024-09-09 21:08:14.891 [info] > git status -z -uall [3ms]
2024-09-09 21:08:19.937 [info] No remotes found in the git config file.
2024-09-09 21:08:19.938 [info] > git config --get commit.template [20ms]
2024-09-09 21:08:19.939 [info] > git for-each-ref --format=%(refname)%00%(upstream:short)%00%(objectname)%00%(upstream:track)%00%(upstream:remotename)%00%(upstream:remoteref) refs/heads/master refs/remotes/master [2ms]
2024-09-09 21:08:19.939 [warning] No such branch: master.
2024-09-09 21:08:19.959 [info] > git status -z -uall [3ms]
2024-09-09 21:08:25.002 [info] No remotes found in the git config file.
2024-09-09 21:08:25.003 [info] > git config --get commit.template [19ms]
2024-09-09 21:08:25.004 [info] > git for-each-ref --format=%(refname)%00%(upstream:short)%00%(objectname)%00%(upstream:track)%00%(upstream:remotename)%00%(upstream:remoteref) refs/heads/master refs/remotes/master [3ms]
2024-09-09 21:08:25.004 [warning] No such branch: master.
2024-09-09 21:08:25.030 [info] > git status -z -uall [5ms]
2024-09-09 21:08:30.078 [info] No remotes found in the git config file.
2024-09-09 21:08:30.079 [info] > git config --get commit.template [22ms]
2024-09-09 21:08:30.080 [info] > git for-each-ref --format=%(refname)%00%(upstream:short)%00%(objectname)%00%(upstream:track)%00%(upstream:remotename)%00%(upstream:remoteref) refs/heads/master refs/remotes/master [3ms]
2024-09-09 21:08:30.080 [warning] No such branch: master.
2024-09-09 21:08:30.101 [info] > git status -z -uall [3ms]
2024-09-09 21:08:35.143 [info] No remotes found in the git config file.
2024-09-09 21:08:35.145 [info] > git config --get commit.template [20ms]
2024-09-09 21:08:35.147 [info] > git for-each-ref --format=%(refname)%00%(upstream:short)%00%(objectname)%00%(upstream:track)%00%(upstream:remotename)%00%(upstream:remoteref) refs/heads/master refs/remotes/master [4ms]
2024-09-09 21:08:35.147 [warning] No such branch: master.
2024-09-09 21:08:35.167 [info] > git status -z -uall [3ms]
2024-09-09 21:08:40.209 [info] No remotes found in the git config file.
2024-09-09 21:08:40.211 [info] > git config --get commit.template [19ms]
2024-09-09 21:08:40.211 [info] > git for-each-ref --format=%(refname)%00%(upstream:short)%00%(objectname)%00%(upstream:track)%00%(upstream:remotename)%00%(upstream:remoteref) refs/heads/master refs/remotes/master [2ms]
2024-09-09 21:08:40.211 [warning] No such branch: master.
2024-09-09 21:08:40.232 [info] > git status -z -uall [4ms]
2024-09-09 21:08:43.645 [info] > git ls-files --stage -- /home/ackinlino123/IMC.py [2ms]
2024-09-09 21:08:43.664 [info] > git cat-file -s 3ce654a68b92e92218f174fb5be9c6462c07e4de [1ms]
2024-09-09 21:08:43.809 [info] > git show --textconv :IMC.py [3ms]
2024-09-09 21:08:45.275 [info] No remotes found in the git config file.
2024-09-09 21:08:45.277 [info] > git config --get commit.template [20ms]
2024-09-09 21:08:45.278 [info] > git for-each-ref --format=%(refname)%00%(upstream:short)%00%(objectname)%00%(upstream:track)%00%(upstream:remotename)%00%(upstream:remoteref) refs/heads/master refs/remotes/master [2ms]
2024-09-09 21:08:45.278 [warning] No such branch: master.
2024-09-09 21:08:45.298 [info] > git status -z -uall [3ms]
2024-09-09 21:08:50.342 [info] No remotes found in the git config file.
2024-09-09 21:08:50.343 [info] > git for-each-ref --format=%(refname)%00%(upstream:short)%00%(objectname)%00%(upstream:track)%00%(upstream:remotename)%00%(upstream:remoteref) refs/heads/master refs/remotes/master [2ms]
2024-09-09 21:08:50.344 [warning] No such branch: master.
2024-09-09 21:08:50.344 [info] > git config --get commit.template [23ms]
2024-09-09 21:08:50.373 [info] > git status -z -uall [6ms]
2024-09-09 21:09:04.417 [info] No remotes found in the git config file.
2024-09-09 21:09:04.418 [info] > git config --get commit.template [19ms]
2024-09-09 21:09:04.418 [info] > git for-each-ref --format=%(refname)%00%(upstream:short)%00%(objectname)%00%(upstream:track)%00%(upstream:remotename)%00%(upstream:remoteref) refs/heads/master refs/remotes/master [2ms]
2024-09-09 21:09:04.418 [warning] No such branch: master.
2024-09-09 21:09:04.439 [info] > git status -z -uall [4ms]
2024-09-09 21:09:09.482 [info] No remotes found in the git config file.
2024-09-09 21:09:09.483 [info] > git config --get commit.template [20ms]
2024-09-09 21:09:09.484 [info] > git for-each-ref --format=%(refname)%00%(upstream:short)%00%(objectname)%00%(upstream:track)%00%(upstream:remotename)%00%(upstream:remoteref) refs/heads/master refs/remotes/master [3ms]
2024-09-09 21:09:09.484 [warning] No such branch: master.
2024-09-09 21:09:09.506 [info] > git status -z -uall [5ms]
2024-09-09 21:09:14.548 [info] No remotes found in the git config file.
2024-09-09 21:09:14.550 [info] > git config --get commit.template [22ms]
2024-09-09 21:09:14.550 [info] > git for-each-ref --format=%(refname)%00%(upstream:short)%00%(objectname)%00%(upstream:track)%00%(upstream:remotename)%00%(upstream:remoteref) refs/heads/master refs/remotes/master [2ms]
2024-09-09 21:09:14.550 [warning] No such branch: master.
2024-09-09 21:09:14.571 [info] > git status -z -uall [3ms]
2024-09-09 21:09:19.615 [info] No remotes found in the git config file.
2024-09-09 21:09:19.617 [info] > git config --get commit.template [23ms]
2024-09-09 21:09:19.617 [info] > git for-each-ref --format=%(refname)%00%(upstream:short)%00%(objectname)%00%(upstream:track)%00%(upstream:remotename)%00%(upstream:remoteref) refs/heads/master refs/remotes/master [3ms]
2024-09-09 21:09:19.618 [warning] No such branch: master.
2024-09-09 21:09:19.638 [info] > git status -z -uall [3ms]
2024-09-09 21:09:24.679 [info] No remotes found in the git config file.
2024-09-09 21:09:24.681 [info] > git config --get commit.template [20ms]
2024-09-09 21:09:24.681 [info] > git for-each-ref --format=%(refname)%00%(upstream:short)%00%(objectname)%00%(upstream:track)%00%(upstream:remotename)%00%(upstream:remoteref) refs/heads/master refs/remotes/master [3ms]
2024-09-09 21:09:24.681 [warning] No such branch: master.
2024-09-09 21:09:24.703 [info] > git status -z -uall [4ms]
2024-09-09 21:09:29.731 [info] > git config --get commit.template [4ms]
2024-09-09 21:09:29.749 [info] No remotes found in the git config file.
2024-09-09 21:09:29.751 [info] > git for-each-ref --format=%(refname)%00%(upstream:short)%00%(objectname)%00%(upstream:track)%00%(upstream:remotename)%00%(upstream:remoteref) refs/heads/master refs/remotes/master [3ms]
2024-09-09 21:09:29.751 [warning] No such branch: master.
2024-09-09 21:09:29.772 [info] > git status -z -uall [4ms]
2024-09-09 21:09:34.813 [info] No remotes found in the git config file.
2024-09-09 21:09:34.814 [info] > git config --get commit.template [19ms]
2024-09-09 21:09:34.814 [info] > git for-each-ref --format=%(refname)%00%(upstream:short)%00%(objectname)%00%(upstream:track)%00%(upstream:remotename)%00%(upstream:remoteref) refs/heads/master refs/remotes/master [2ms]
2024-09-09 21:09:34.815 [warning] No such branch: master.
2024-09-09 21:09:34.835 [info] > git status -z -uall [3ms]
2024-09-09 21:09:39.878 [info] No remotes found in the git config file.
2024-09-09 21:09:39.879 [info] > git config --get commit.template [20ms]
2024-09-09 21:09:39.880 [info] > git for-each-ref --format=%(refname)%00%(upstream:short)%00%(objectname)%00%(upstream:track)%00%(upstream:remotename)%00%(upstream:remoteref) refs/heads/master refs/remotes/master [3ms]
2024-09-09 21:09:39.880 [warning] No such branch: master.
2024-09-09 21:09:39.900 [info] > git status -z -uall [4ms]
2024-09-09 21:09:44.944 [info] No remotes found in the git config file.
2024-09-09 21:09:44.945 [info] > git config --get commit.template [20ms]
2024-09-09 21:09:44.946 [info] > git for-each-ref --format=%(refname)%00%(upstream:short)%00%(objectname)%00%(upstream:track)%00%(upstream:remotename)%00%(upstream:remoteref) refs/heads/master refs/remotes/master [3ms]
2024-09-09 21:09:44.946 [warning] No such branch: master.
2024-09-09 21:09:44.968 [info] > git status -z -uall [5ms]
2024-09-09 21:09:49.992 [info] No remotes found in the git config file.
2024-09-09 21:09:50.010 [info] > git config --get commit.template [19ms]
2024-09-09 21:09:50.011 [info] > git for-each-ref --format=%(refname)%00%(upstream:short)%00%(objectname)%00%(upstream:track)%00%(upstream:remotename)%00%(upstream:remoteref) refs/heads/master refs/remotes/master [2ms]
2024-09-09 21:09:50.011 [warning] No such branch: master.
2024-09-09 21:09:50.033 [info] > git status -z -uall [4ms]
2024-09-09 21:09:55.077 [info] No remotes found in the git config file.
2024-09-09 21:09:55.079 [info] > git config --get commit.template [20ms]
2024-09-09 21:09:55.079 [info] > git for-each-ref --format=%(refname)%00%(upstream:short)%00%(objectname)%00%(upstream:track)%00%(upstream:remotename)%00%(upstream:remoteref) refs/heads/master refs/remotes/master [3ms]
2024-09-09 21:09:55.080 [warning] No such branch: master.
2024-09-09 21:09:55.101 [info] > git status -z -uall [3ms]
2024-09-09 21:10:01.360 [info] No remotes found in the git config file.
2024-09-09 21:10:01.361 [info] > git config --get commit.template [20ms]
2024-09-09 21:10:01.362 [info] > git for-each-ref --format=%(refname)%00%(upstream:short)%00%(objectname)%00%(upstream:track)%00%(upstream:remotename)%00%(upstream:remoteref) refs/heads/master refs/remotes/master [3ms]
2024-09-09 21:10:01.362 [warning] No such branch: master.
2024-09-09 21:10:01.383 [info] > git status -z -uall [3ms]
2024-09-09 21:10:06.427 [info] No remotes found in the git config file.
2024-09-09 21:10:06.428 [info] > git config --get commit.template [20ms]
2024-09-09 21:10:06.429 [info] > git for-each-ref --format=%(refname)%00%(upstream:short)%00%(objectname)%00%(upstream:track)%00%(upstream:remotename)%00%(upstream:remoteref) refs/heads/master refs/remotes/master [2ms]
2024-09-09 21:10:06.429 [warning] No such branch: master.
2024-09-09 21:10:06.450 [info] > git status -z -uall [4ms]
2024-09-09 21:10:11.475 [info] > git config --get commit.template [1ms]
2024-09-09 21:10:11.493 [info] No remotes found in the git config file.
2024-09-09 21:10:11.495 [info] > git for-each-ref --format=%(refname)%00%(upstream:short)%00%(objectname)%00%(upstream:track)%00%(upstream:remotename)%00%(upstream:remoteref) refs/heads/master refs/remotes/master [1ms]
2024-09-09 21:10:11.495 [warning] No such branch: master.
2024-09-09 21:10:11.515 [info] > git status -z -uall [3ms]
2024-09-09 21:10:16.560 [info] No remotes found in the git config file.
2024-09-09 21:10:16.561 [info] > git config --get commit.template [20ms]
2024-09-09 21:10:16.562 [info] > git for-each-ref --format=%(refname)%00%(upstream:short)%00%(objectname)%00%(upstream:track)%00%(upstream:remotename)%00%(upstream:remoteref) refs/heads/master refs/remotes/master [3ms]
2024-09-09 21:10:16.562 [warning] No such branch: master.
2024-09-09 21:10:16.583 [info] > git status -z -uall [4ms]
2024-09-09 21:10:21.641 [info] No remotes found in the git config file.
2024-09-09 21:10:21.642 [info] > git config --get commit.template [29ms]
2024-09-09 21:10:21.643 [info] > git for-each-ref --format=%(refname)%00%(upstream:short)%00%(objectname)%00%(upstream:track)%00%(upstream:remotename)%00%(upstream:remoteref) refs/heads/master refs/remotes/master [2ms]
2024-09-09 21:10:21.643 [warning] No such branch: master.
2024-09-09 21:10:21.667 [info] > git status -z -uall [3ms]
2024-09-09 21:10:26.712 [info] No remotes found in the git config file.
2024-09-09 21:10:26.714 [info] > git config --get commit.template [20ms]
2024-09-09 21:10:26.714 [info] > git for-each-ref --format=%(refname)%00%(upstream:short)%00%(objectname)%00%(upstream:track)%00%(upstream:remotename)%00%(upstream:remoteref) refs/heads/master refs/remotes/master [2ms]
2024-09-09 21:10:26.714 [warning] No such branch: master.
2024-09-09 21:10:26.736 [info] > git status -z -uall [4ms]
2024-09-09 21:11:02.266 [info] No remotes found in the git config file.
2024-09-09 21:11:02.267 [info] > git config --get commit.template [19ms]
2024-09-09 21:11:02.267 [info] > git for-each-ref --format=%(refname)%00%(upstream:short)%00%(objectname)%00%(upstream:track)%00%(upstream:remotename)%00%(upstream:remoteref) refs/heads/master refs/remotes/master [2ms]
2024-09-09 21:11:02.268 [warning] No such branch: master.
2024-09-09 21:11:02.288 [info] > git status -z -uall [4ms]
2024-09-09 21:11:06.573 [info] > git ls-files --stage -- /home/ackinlino123/IMC.py [2ms]
2024-09-09 21:11:06.592 [info] > git cat-file -s 3ce654a68b92e92218f174fb5be9c6462c07e4de [2ms]
2024-09-09 21:11:06.737 [info] > git show --textconv :IMC.py [3ms]
2024-09-09 21:11:07.330 [info] No remotes found in the git config file.
2024-09-09 21:11:07.331 [info] > git config --get commit.template [19ms]
2024-09-09 21:11:07.333 [info] > git for-each-ref --format=%(refname)%00%(upstream:short)%00%(objectname)%00%(upstream:track)%00%(upstream:remotename)%00%(upstream:remoteref) refs/heads/master refs/remotes/master [3ms]
2024-09-09 21:11:07.333 [warning] No such branch: master.
2024-09-09 21:11:07.353 [info] > git status -z -uall [3ms]
2024-09-09 21:11:12.379 [info] No remotes found in the git config file.
2024-09-09 21:11:12.397 [info] > git config --get commit.template [19ms]
2024-09-09 21:11:12.397 [info] > git for-each-ref --format=%(refname)%00%(upstream:short)%00%(objectname)%00%(upstream:track)%00%(upstream:remotename)%00%(upstream:remoteref) refs/heads/master refs/remotes/master [2ms]
2024-09-09 21:11:12.398 [warning] No such branch: master.
2024-09-09 21:11:12.422 [info] > git status -z -uall [6ms]
2024-09-09 21:11:17.462 [info] No remotes found in the git config file.
2024-09-09 21:11:17.464 [info] > git config --get commit.template [20ms]
2024-09-09 21:11:17.466 [info] > git for-each-ref --format=%(refname)%00%(upstream:short)%00%(objectname)%00%(upstream:track)%00%(upstream:remotename)%00%(upstream:remoteref) refs/heads/master refs/remotes/master [4ms]
2024-09-09 21:11:17.507 [info] > git status -z -uall [23ms]
2024-09-09 21:11:17.513 [info] > git ls-files --stage -- /home/ackinlino123/IMC.py [9ms]
2024-09-09 21:11:17.533 [info] > git cat-file -s 3ce654a68b92e92218f174fb5be9c6462c07e4de [1ms]
2024-09-09 21:11:17.827 [info] > git show --textconv :IMC.py [2ms]
2024-09-09 21:11:22.549 [info] No remotes found in the git config file.
2024-09-09 21:11:22.550 [info] > git config --get commit.template [20ms]
2024-09-09 21:11:22.551 [info] > git for-each-ref --format=%(refname)%00%(upstream:short)%00%(objectname)%00%(upstream:track)%00%(upstream:remotename)%00%(upstream:remoteref) refs/heads/master refs/remotes/master [3ms]
2024-09-09 21:11:22.572 [info] > git status -z -uall [4ms]
2024-09-09 21:11:57.811 [info] No remotes found in the git config file.
2024-09-09 21:11:57.812 [info] > git config --get commit.template [18ms]
2024-09-09 21:11:57.813 [info] > git for-each-ref --format=%(refname)%00%(upstream:short)%00%(objectname)%00%(upstream:track)%00%(upstream:remotename)%00%(upstream:remoteref) refs/heads/master refs/remotes/master [2ms]
2024-09-09 21:11:57.833 [info] > git status -z -uall [3ms]
2024-09-09 21:12:02.873 [info] No remotes found in the git config file.
2024-09-09 21:12:02.876 [info] > git for-each-ref --format=%(refname)%00%(upstream:short)%00%(objectname)%00%(upstream:track)%00%(upstream:remotename)%00%(upstream:remoteref) refs/heads/master refs/remotes/master [3ms]
2024-09-09 21:12:02.876 [info] > git config --get commit.template [22ms]
2024-09-09 21:12:02.898 [info] > git status -z -uall [4ms]
2024-09-09 21:12:08.112 [info] No remotes found in the git config file.
2024-09-09 21:12:08.114 [info] > git config --get commit.template [19ms]
2024-09-09 21:12:08.114 [info] > git for-each-ref --format=%(refname)%00%(upstream:short)%00%(objectname)%00%(upstream:track)%00%(upstream:remotename)%00%(upstream:remoteref) refs/heads/master refs/remotes/master [2ms]
2024-09-09 21:12:08.136 [info] > git status -z -uall [5ms]
2024-09-09 21:12:16.885 [info] > git config --get commit.template [2ms]
2024-09-09 21:12:16.904 [info] No remotes found in the git config file.
2024-09-09 21:12:16.905 [info] > git for-each-ref --format=%(refname)%00%(upstream:short)%00%(objectname)%00%(upstream:track)%00%(upstream:remotename)%00%(upstream:remoteref) refs/heads/master refs/remotes/master [2ms]
2024-09-09 21:12:16.926 [info] > git status -z -uall [3ms]
2024-09-09 21:12:19.110 [info] > git ls-files --stage -- /home/ackinlino123/IMC.py [2ms]
2024-09-09 21:12:19.129 [info] > git cat-file -s 3ce654a68b92e92218f174fb5be9c6462c07e4de [2ms]
2024-09-09 21:12:19.276 [info] > git show --textconv :IMC.py [3ms]
2024-09-09 21:12:23.673 [info] > git config --get commit.template [19ms]
2024-09-09 21:12:23.673 [info] > git for-each-ref --format=%(refname)%00%(upstream:short)%00%(objectname)%00%(upstream:track)%00%(upstream:remotename)%00%(upstream:remoteref) refs/heads/master refs/remotes/master [2ms]
2024-09-09 21:12:23.694 [info] > git status -z -uall [4ms]
2024-09-09 21:12:28.735 [info] > git config --get commit.template [20ms]
2024-09-09 21:12:28.736 [info] > git for-each-ref --format=%(refname)%00%(upstream:short)%00%(objectname)%00%(upstream:track)%00%(upstream:remotename)%00%(upstream:remoteref) refs/heads/main refs/remotes/main [2ms]
2024-09-09 21:12:28.758 [info] > git status -z -uall [4ms]
2024-09-09 21:12:29.598 [info] > git ls-files --stage -- /home/ackinlino123/IMC.py [2ms]
2024-09-09 21:12:29.618 [info] > git cat-file -s 3ce654a68b92e92218f174fb5be9c6462c07e4de [1ms]
2024-09-09 21:12:29.763 [info] > git show --textconv :IMC.py [4ms]
2024-09-09 21:12:33.786 [info] > git config --get commit.template [4ms]
2024-09-09 21:12:33.805 [info] > git for-each-ref --format=%(refname)%00%(upstream:short)%00%(objectname)%00%(upstream:track)%00%(upstream:remotename)%00%(upstream:remoteref) refs/heads/main refs/remotes/main [2ms]
2024-09-09 21:12:33.827 [info] > git status -z -uall [3ms]
2024-09-09 21:12:38.868 [info] > git config --get commit.template [20ms]
2024-09-09 21:12:38.869 [info] > git for-each-ref --format=%(refname)%00%(upstream:short)%00%(objectname)%00%(upstream:track)%00%(upstream:remotename)%00%(upstream:remoteref) refs/heads/main refs/remotes/main [2ms]
2024-09-09 21:12:38.890 [info] > git status -z -uall [4ms]
2024-09-09 21:12:43.915 [info] > git config --get commit.template [4ms]
2024-09-09 21:12:43.935 [info] > git for-each-ref --format=%(refname)%00%(upstream:short)%00%(objectname)%00%(upstream:track)%00%(upstream:remotename)%00%(upstream:remoteref) refs/heads/main refs/remotes/main [2ms]
2024-09-09 21:12:43.963 [info] > git status -z -uall [10ms]
2024-09-09 21:12:49.003 [info] > git config --get commit.template [19ms]
2024-09-09 21:12:49.003 [info] > git for-each-ref --format=%(refname)%00%(upstream:short)%00%(objectname)%00%(upstream:track)%00%(upstream:remotename)%00%(upstream:remoteref) refs/heads/main refs/remotes/main [2ms]
2024-09-09 21:12:49.025 [info] > git status -z -uall [3ms]
2024-09-09 21:13:07.445 [info] > git config --get commit.template [19ms]
2024-09-09 21:13:07.446 [info] > git for-each-ref --format=%(refname)%00%(upstream:short)%00%(objectname)%00%(upstream:track)%00%(upstream:remotename)%00%(upstream:remoteref) refs/heads/main refs/remotes/main [2ms]
2024-09-09 21:13:07.470 [info] > git status -z -uall [4ms]
2024-09-09 21:13:12.494 [info] > git config --get commit.template [2ms]
2024-09-09 21:13:12.515 [info] > git for-each-ref --format=%(refname)%00%(upstream:short)%00%(objectname)%00%(upstream:track)%00%(upstream:remotename)%00%(upstream:remoteref) refs/heads/main refs/remotes/main [3ms]
2024-09-09 21:13:12.538 [info] > git status -z -uall [4ms]
2024-09-09 21:13:12.567 [info] > git merge-base refs/heads/main refs/remotes/origin/main [9ms]
2024-09-09 21:13:12.589 [info] > git rev-list --count --left-right refs/heads/main...refs/remotes/origin/main [3ms]
2024-09-09 21:13:12.611 [info] > git diff --name-status -z --diff-filter=ADMR 0e822a6a341b5582c15fe580c7340c47f42fde07...refs/remotes/origin/main [3ms]
2024-09-09 21:13:12.732 [info] > git ls-files --stage -- /home/ackinlino123/IMC.py [2ms]
2024-09-09 21:13:12.754 [info] > git cat-file -s 3ce654a68b92e92218f174fb5be9c6462c07e4de [3ms]
2024-09-09 21:13:12.900 [info] > git show --textconv :IMC.py [2ms]
2024-09-09 21:13:17.602 [info] > git config --get commit.template [20ms]
2024-09-09 21:13:17.604 [info] > git for-each-ref --format=%(refname)%00%(upstream:short)%00%(objectname)%00%(upstream:track)%00%(upstream:remotename)%00%(upstream:remoteref) refs/heads/main refs/remotes/main [2ms]
2024-09-09 21:13:17.627 [info] > git status -z -uall [4ms]
2024-09-09 21:13:22.670 [info] > git config --get commit.template [21ms]
2024-09-09 21:13:22.672 [info] > git for-each-ref --format=%(refname)%00%(upstream:short)%00%(objectname)%00%(upstream:track)%00%(upstream:remotename)%00%(upstream:remoteref) refs/heads/main refs/remotes/main [2ms]
2024-09-09 21:13:22.703 [info] > git status -z -uall [4ms]
2024-09-09 21:13:27.746 [info] > git config --get commit.template [21ms]
2024-09-09 21:13:27.748 [info] > git for-each-ref --format=%(refname)%00%(upstream:short)%00%(objectname)%00%(upstream:track)%00%(upstream:remotename)%00%(upstream:remoteref) refs/heads/main refs/remotes/main [3ms]
2024-09-09 21:13:27.771 [info] > git status -z -uall [4ms]
2024-09-09 21:13:32.815 [info] > git config --get commit.template [22ms]
2024-09-09 21:13:32.816 [info] > git for-each-ref --format=%(refname)%00%(upstream:short)%00%(objectname)%00%(upstream:track)%00%(upstream:remotename)%00%(upstream:remoteref) refs/heads/main refs/remotes/main [2ms]
2024-09-09 21:13:32.839 [info] > git status -z -uall [4ms]
2024-09-09 21:13:37.881 [info] > git config --get commit.template [20ms]
2024-09-09 21:13:37.882 [info] > git for-each-ref --format=%(refname)%00%(upstream:short)%00%(objectname)%00%(upstream:track)%00%(upstream:remotename)%00%(upstream:remoteref) refs/heads/main refs/remotes/main [2ms]
2024-09-09 21:13:37.906 [info] > git status -z -uall [4ms]
2024-09-09 21:13:42.951 [info] > git config --get commit.template [22ms]
2024-09-09 21:13:42.952 [info] > git for-each-ref --format=%(refname)%00%(upstream:short)%00%(objectname)%00%(upstream:track)%00%(upstream:remotename)%00%(upstream:remoteref) refs/heads/main refs/remotes/main [3ms]
2024-09-09 21:13:42.976 [info] > git status -z -uall [4ms]
2024-09-09 21:14:05.268 [info] > git config --get commit.template [19ms]
2024-09-09 21:14:05.269 [info] > git for-each-ref --format=%(refname)%00%(upstream:short)%00%(objectname)%00%(upstream:track)%00%(upstream:remotename)%00%(upstream:remoteref) refs/heads/main refs/remotes/main [2ms]
2024-09-09 21:14:05.291 [info] > git status -z -uall [4ms]
2024-09-09 21:14:10.317 [info] > git config --get commit.template [3ms]
2024-09-09 21:14:10.340 [info] > git for-each-ref --format=%(refname)%00%(upstream:short)%00%(objectname)%00%(upstream:track)%00%(upstream:remotename)%00%(upstream:remoteref) refs/heads/main refs/remotes/main [3ms]
2024-09-09 21:14:10.363 [info] > git status -z -uall [3ms]
2024-09-09 21:14:15.404 [info] > git config --get commit.template [19ms]
2024-09-09 21:14:15.406 [info] > git for-each-ref --format=%(refname)%00%(upstream:short)%00%(objectname)%00%(upstream:track)%00%(upstream:remotename)%00%(upstream:remoteref) refs/heads/main refs/remotes/main [3ms]
2024-09-09 21:14:15.429 [info] > git status -z -uall [4ms]
2024-09-09 21:14:20.477 [info] > git for-each-ref --format=%(refname)%00%(upstream:short)%00%(objectname)%00%(upstream:track)%00%(upstream:remotename)%00%(upstream:remoteref) refs/heads/main refs/remotes/main [2ms]
2024-09-09 21:14:20.477 [info] > git config --get commit.template [26ms]
2024-09-09 21:14:20.508 [info] > git status -z -uall [3ms]
2024-09-09 21:14:25.553 [info] > git config --get commit.template [20ms]
2024-09-09 21:14:25.554 [info] > git for-each-ref --format=%(refname)%00%(upstream:short)%00%(objectname)%00%(upstream:track)%00%(upstream:remotename)%00%(upstream:remoteref) refs/heads/main refs/remotes/main [2ms]
2024-09-09 21:14:25.576 [info] > git status -z -uall [3ms]
2024-09-09 21:14:30.620 [info] > git config --get commit.template [21ms]
2024-09-09 21:14:30.621 [info] > git for-each-ref --format=%(refname)%00%(upstream:short)%00%(objectname)%00%(upstream:track)%00%(upstream:remotename)%00%(upstream:remoteref) refs/heads/main refs/remotes/main [3ms]
2024-09-09 21:14:30.643 [info] > git status -z -uall [4ms]
2024-09-09 21:14:35.686 [info] > git config --get commit.template [21ms]
2024-09-09 21:14:35.687 [info] > git for-each-ref --format=%(refname)%00%(upstream:short)%00%(objectname)%00%(upstream:track)%00%(upstream:remotename)%00%(upstream:remoteref) refs/heads/main refs/remotes/main [2ms]
2024-09-09 21:14:35.710 [info] > git status -z -uall [3ms]
2024-09-09 21:14:40.755 [info] > git config --get commit.template [22ms]
2024-09-09 21:14:40.756 [info] > git for-each-ref --format=%(refname)%00%(upstream:short)%00%(objectname)%00%(upstream:track)%00%(upstream:remotename)%00%(upstream:remoteref) refs/heads/main refs/remotes/main [3ms]
2024-09-09 21:14:40.780 [info] > git status -z -uall [4ms]
2024-09-09 21:14:45.825 [info] > git config --get commit.template [22ms]
2024-09-09 21:14:45.825 [info] > git for-each-ref --format=%(refname)%00%(upstream:short)%00%(objectname)%00%(upstream:track)%00%(upstream:remotename)%00%(upstream:remoteref) refs/heads/main refs/remotes/main [4ms]
2024-09-09 21:14:45.848 [info] > git status -z -uall [4ms]
2024-09-09 21:14:57.014 [info] > git config --get commit.template [3ms]
2024-09-09 21:14:57.035 [info] > git for-each-ref --format=%(refname)%00%(upstream:short)%00%(objectname)%00%(upstream:track)%00%(upstream:remotename)%00%(upstream:remoteref) refs/heads/main refs/remotes/main [2ms]
2024-09-09 21:14:57.059 [info] > git status -z -uall [4ms]
2024-09-09 21:15:02.117 [info] > git config --get commit.template [27ms]
2024-09-09 21:15:02.119 [info] > git for-each-ref --format=%(refname)%00%(upstream:short)%00%(objectname)%00%(upstream:track)%00%(upstream:remotename)%00%(upstream:remoteref) refs/heads/main refs/remotes/main [4ms]
2024-09-09 21:15:02.148 [info] > git status -z -uall [4ms]
2024-09-09 21:15:07.190 [info] > git config --get commit.template [19ms]
2024-09-09 21:15:07.191 [info] > git for-each-ref --format=%(refname)%00%(upstream:short)%00%(objectname)%00%(upstream:track)%00%(upstream:remotename)%00%(upstream:remoteref) refs/heads/main refs/remotes/main [3ms]
2024-09-09 21:15:07.214 [info] > git status -z -uall [5ms]
2024-09-09 21:15:10.802 [info] > git ls-files --stage -- /home/ackinlino123/IMC.py [2ms]
2024-09-09 21:15:10.823 [info] > git cat-file -s 3ce654a68b92e92218f174fb5be9c6462c07e4de [2ms]
2024-09-09 21:15:10.972 [info] > git show --textconv :IMC.py [3ms]
2024-09-09 21:15:12.262 [info] > git config --get commit.template [20ms]
2024-09-09 21:15:12.263 [info] > git for-each-ref --format=%(refname)%00%(upstream:short)%00%(objectname)%00%(upstream:track)%00%(upstream:remotename)%00%(upstream:remoteref) refs/heads/main refs/remotes/main [3ms]
2024-09-09 21:15:12.288 [info] > git status -z -uall [5ms]
